[2022-11-07T15:52:01.845+0600] {taskinstance.py:1165} INFO - Dependencies all met for <TaskInstance: our_first_dag_v3.third_task manual__2022-11-07T09:51:54.053074+00:00 [queued]>
[2022-11-07T15:52:01.862+0600] {taskinstance.py:1165} INFO - Dependencies all met for <TaskInstance: our_first_dag_v3.third_task manual__2022-11-07T09:51:54.053074+00:00 [queued]>
[2022-11-07T15:52:01.867+0600] {taskinstance.py:1362} INFO - 
--------------------------------------------------------------------------------
[2022-11-07T15:52:01.868+0600] {taskinstance.py:1363} INFO - Starting attempt 1 of 6
[2022-11-07T15:52:01.868+0600] {taskinstance.py:1364} INFO - 
--------------------------------------------------------------------------------
[2022-11-07T15:52:01.913+0600] {taskinstance.py:1383} INFO - Executing <Task(BashOperator): third_task> on 2022-11-07 09:51:54.053074+00:00
[2022-11-07T15:52:01.917+0600] {standard_task_runner.py:55} INFO - Started process 6610 to run task
[2022-11-07T15:52:01.922+0600] {standard_task_runner.py:82} INFO - Running: ['airflow', 'tasks', 'run', 'our_first_dag_v3', 'third_task', 'manual__2022-11-07T09:51:54.053074+00:00', '--job-id', '10', '--raw', '--subdir', 'DAGS_FOLDER/our_first_dag.py', '--cfg-path', '/tmp/tmpjw9apzss']
[2022-11-07T15:52:01.924+0600] {standard_task_runner.py:83} INFO - Job 10: Subtask third_task
[2022-11-07T15:52:02.034+0600] {task_command.py:376} INFO - Running <TaskInstance: our_first_dag_v3.third_task manual__2022-11-07T09:51:54.053074+00:00 [running]> on host ima-vm
[2022-11-07T15:52:02.175+0600] {taskinstance.py:1590} INFO - Exporting the following env vars:
AIRFLOW_CTX_DAG_OWNER=coder2j
AIRFLOW_CTX_DAG_ID=our_first_dag_v3
AIRFLOW_CTX_TASK_ID=third_task
AIRFLOW_CTX_EXECUTION_DATE=2022-11-07T09:51:54.053074+00:00
AIRFLOW_CTX_TRY_NUMBER=1
AIRFLOW_CTX_DAG_RUN_ID=manual__2022-11-07T09:51:54.053074+00:00
[2022-11-07T15:52:02.177+0600] {subprocess.py:63} INFO - Tmp dir root location: 
 /tmp
[2022-11-07T15:52:02.179+0600] {subprocess.py:75} INFO - Running command: ['/usr/bin/bash', '-c', 'echo hello world, this is the 3 task!']
[2022-11-07T15:52:02.189+0600] {subprocess.py:86} INFO - Output:
[2022-11-07T15:52:02.192+0600] {subprocess.py:93} INFO - hello world, this is the 3 task!
[2022-11-07T15:52:02.193+0600] {subprocess.py:97} INFO - Command exited with return code 0
[2022-11-07T15:52:02.245+0600] {taskinstance.py:1401} INFO - Marking task as SUCCESS. dag_id=our_first_dag_v3, task_id=third_task, execution_date=20221107T095154, start_date=20221107T095201, end_date=20221107T095202
[2022-11-07T15:52:02.328+0600] {local_task_job.py:164} INFO - Task exited with return code 0
[2022-11-07T15:52:02.349+0600] {local_task_job.py:273} INFO - 0 downstream tasks scheduled from follow-on schedule check
