[2022-11-07T15:51:18.725+0600] {taskinstance.py:1165} INFO - Dependencies all met for <TaskInstance: our_first_dag_v3.first_task manual__2022-11-07T09:51:15.381167+00:00 [queued]>
[2022-11-07T15:51:18.744+0600] {taskinstance.py:1165} INFO - Dependencies all met for <TaskInstance: our_first_dag_v3.first_task manual__2022-11-07T09:51:15.381167+00:00 [queued]>
[2022-11-07T15:51:18.744+0600] {taskinstance.py:1362} INFO - 
--------------------------------------------------------------------------------
[2022-11-07T15:51:18.744+0600] {taskinstance.py:1363} INFO - Starting attempt 1 of 6
[2022-11-07T15:51:18.745+0600] {taskinstance.py:1364} INFO - 
--------------------------------------------------------------------------------
[2022-11-07T15:51:18.785+0600] {taskinstance.py:1383} INFO - Executing <Task(BashOperator): first_task> on 2022-11-07 09:51:15.381167+00:00
[2022-11-07T15:51:18.790+0600] {standard_task_runner.py:55} INFO - Started process 6503 to run task
[2022-11-07T15:51:18.795+0600] {standard_task_runner.py:82} INFO - Running: ['airflow', 'tasks', 'run', 'our_first_dag_v3', 'first_task', 'manual__2022-11-07T09:51:15.381167+00:00', '--job-id', '5', '--raw', '--subdir', 'DAGS_FOLDER/our_first_dag.py', '--cfg-path', '/tmp/tmpa6aef1k4']
[2022-11-07T15:51:18.796+0600] {standard_task_runner.py:83} INFO - Job 5: Subtask first_task
[2022-11-07T15:51:18.886+0600] {task_command.py:376} INFO - Running <TaskInstance: our_first_dag_v3.first_task manual__2022-11-07T09:51:15.381167+00:00 [running]> on host ima-vm
[2022-11-07T15:51:19.000+0600] {taskinstance.py:1590} INFO - Exporting the following env vars:
AIRFLOW_CTX_DAG_OWNER=coder2j
AIRFLOW_CTX_DAG_ID=our_first_dag_v3
AIRFLOW_CTX_TASK_ID=first_task
AIRFLOW_CTX_EXECUTION_DATE=2022-11-07T09:51:15.381167+00:00
AIRFLOW_CTX_TRY_NUMBER=1
AIRFLOW_CTX_DAG_RUN_ID=manual__2022-11-07T09:51:15.381167+00:00
[2022-11-07T15:51:19.001+0600] {subprocess.py:63} INFO - Tmp dir root location: 
 /tmp
[2022-11-07T15:51:19.003+0600] {subprocess.py:75} INFO - Running command: ['/usr/bin/bash', '-c', 'echo hello world, this is the 1 task!']
[2022-11-07T15:51:19.011+0600] {subprocess.py:86} INFO - Output:
[2022-11-07T15:51:19.016+0600] {subprocess.py:93} INFO - hello world, this is the 1 task!
[2022-11-07T15:51:19.016+0600] {subprocess.py:97} INFO - Command exited with return code 0
[2022-11-07T15:51:19.049+0600] {taskinstance.py:1401} INFO - Marking task as SUCCESS. dag_id=our_first_dag_v3, task_id=first_task, execution_date=20221107T095115, start_date=20221107T095118, end_date=20221107T095119
[2022-11-07T15:51:19.124+0600] {local_task_job.py:164} INFO - Task exited with return code 0
[2022-11-07T15:51:19.186+0600] {local_task_job.py:273} INFO - 1 downstream tasks scheduled from follow-on schedule check
