[2022-11-07T15:38:05.439+0600] {taskinstance.py:1165} INFO - Dependencies all met for <TaskInstance: our_first_dag.first_task manual__2022-11-07T09:38:02.096551+00:00 [queued]>
[2022-11-07T15:38:05.455+0600] {taskinstance.py:1165} INFO - Dependencies all met for <TaskInstance: our_first_dag.first_task manual__2022-11-07T09:38:02.096551+00:00 [queued]>
[2022-11-07T15:38:05.455+0600] {taskinstance.py:1362} INFO - 
--------------------------------------------------------------------------------
[2022-11-07T15:38:05.455+0600] {taskinstance.py:1363} INFO - Starting attempt 1 of 6
[2022-11-07T15:38:05.455+0600] {taskinstance.py:1364} INFO - 
--------------------------------------------------------------------------------
[2022-11-07T15:38:05.496+0600] {taskinstance.py:1383} INFO - Executing <Task(BashOperator): first_task> on 2022-11-07 09:38:02.096551+00:00
[2022-11-07T15:38:05.499+0600] {standard_task_runner.py:55} INFO - Started process 4860 to run task
[2022-11-07T15:38:05.505+0600] {standard_task_runner.py:82} INFO - Running: ['airflow', 'tasks', 'run', 'our_first_dag', 'first_task', 'manual__2022-11-07T09:38:02.096551+00:00', '--job-id', '2', '--raw', '--subdir', 'DAGS_FOLDER/our_first_dag.py', '--cfg-path', '/tmp/tmpoo4le9ib']
[2022-11-07T15:38:05.507+0600] {standard_task_runner.py:83} INFO - Job 2: Subtask first_task
[2022-11-07T15:38:05.615+0600] {task_command.py:376} INFO - Running <TaskInstance: our_first_dag.first_task manual__2022-11-07T09:38:02.096551+00:00 [running]> on host ima-vm
[2022-11-07T15:38:05.739+0600] {taskinstance.py:1590} INFO - Exporting the following env vars:
AIRFLOW_CTX_DAG_OWNER=coder2j
AIRFLOW_CTX_DAG_ID=our_first_dag
AIRFLOW_CTX_TASK_ID=first_task
AIRFLOW_CTX_EXECUTION_DATE=2022-11-07T09:38:02.096551+00:00
AIRFLOW_CTX_TRY_NUMBER=1
AIRFLOW_CTX_DAG_RUN_ID=manual__2022-11-07T09:38:02.096551+00:00
[2022-11-07T15:38:05.741+0600] {subprocess.py:63} INFO - Tmp dir root location: 
 /tmp
[2022-11-07T15:38:05.742+0600] {subprocess.py:75} INFO - Running command: ['/usr/bin/bash', '-c', 'echo hello world, this is the first task!']
[2022-11-07T15:38:05.753+0600] {subprocess.py:86} INFO - Output:
[2022-11-07T15:38:05.754+0600] {subprocess.py:93} INFO - hello world, this is the first task!
[2022-11-07T15:38:05.755+0600] {subprocess.py:97} INFO - Command exited with return code 0
[2022-11-07T15:38:05.795+0600] {taskinstance.py:1401} INFO - Marking task as SUCCESS. dag_id=our_first_dag, task_id=first_task, execution_date=20221107T093802, start_date=20221107T093805, end_date=20221107T093805
[2022-11-07T15:38:05.852+0600] {local_task_job.py:164} INFO - Task exited with return code 0
[2022-11-07T15:38:05.880+0600] {local_task_job.py:273} INFO - 0 downstream tasks scheduled from follow-on schedule check
