[2022-11-07T15:46:23.059+0600] {taskinstance.py:1165} INFO - Dependencies all met for <TaskInstance: our_first_dag_v2.second_task manual__2022-11-07T09:46:16.940538+00:00 [queued]>
[2022-11-07T15:46:23.074+0600] {taskinstance.py:1165} INFO - Dependencies all met for <TaskInstance: our_first_dag_v2.second_task manual__2022-11-07T09:46:16.940538+00:00 [queued]>
[2022-11-07T15:46:23.075+0600] {taskinstance.py:1362} INFO - 
--------------------------------------------------------------------------------
[2022-11-07T15:46:23.075+0600] {taskinstance.py:1363} INFO - Starting attempt 1 of 6
[2022-11-07T15:46:23.075+0600] {taskinstance.py:1364} INFO - 
--------------------------------------------------------------------------------
[2022-11-07T15:46:23.115+0600] {taskinstance.py:1383} INFO - Executing <Task(BashOperator): second_task> on 2022-11-07 09:46:16.940538+00:00
[2022-11-07T15:46:23.118+0600] {standard_task_runner.py:55} INFO - Started process 5900 to run task
[2022-11-07T15:46:23.123+0600] {standard_task_runner.py:82} INFO - Running: ['airflow', 'tasks', 'run', 'our_first_dag_v2', 'second_task', 'manual__2022-11-07T09:46:16.940538+00:00', '--job-id', '4', '--raw', '--subdir', 'DAGS_FOLDER/our_first_dag.py', '--cfg-path', '/tmp/tmpi_kae9k1']
[2022-11-07T15:46:23.125+0600] {standard_task_runner.py:83} INFO - Job 4: Subtask second_task
[2022-11-07T15:46:23.223+0600] {task_command.py:376} INFO - Running <TaskInstance: our_first_dag_v2.second_task manual__2022-11-07T09:46:16.940538+00:00 [running]> on host ima-vm
[2022-11-07T15:46:23.320+0600] {taskinstance.py:1590} INFO - Exporting the following env vars:
AIRFLOW_CTX_DAG_OWNER=coder2j
AIRFLOW_CTX_DAG_ID=our_first_dag_v2
AIRFLOW_CTX_TASK_ID=second_task
AIRFLOW_CTX_EXECUTION_DATE=2022-11-07T09:46:16.940538+00:00
AIRFLOW_CTX_TRY_NUMBER=1
AIRFLOW_CTX_DAG_RUN_ID=manual__2022-11-07T09:46:16.940538+00:00
[2022-11-07T15:46:23.321+0600] {subprocess.py:63} INFO - Tmp dir root location: 
 /tmp
[2022-11-07T15:46:23.322+0600] {subprocess.py:75} INFO - Running command: ['/usr/bin/bash', '-c', 'echo hello world, this is the 2 task!']
[2022-11-07T15:46:23.331+0600] {subprocess.py:86} INFO - Output:
[2022-11-07T15:46:23.333+0600] {subprocess.py:93} INFO - hello world, this is the 2 task!
[2022-11-07T15:46:23.333+0600] {subprocess.py:97} INFO - Command exited with return code 0
[2022-11-07T15:46:23.369+0600] {taskinstance.py:1401} INFO - Marking task as SUCCESS. dag_id=our_first_dag_v2, task_id=second_task, execution_date=20221107T094616, start_date=20221107T094623, end_date=20221107T094623
[2022-11-07T15:46:23.424+0600] {local_task_job.py:164} INFO - Task exited with return code 0
[2022-11-07T15:46:23.438+0600] {local_task_job.py:273} INFO - 0 downstream tasks scheduled from follow-on schedule check
